mode: set
github.com/jbrinkman/valkey-ai-tasks/go/internal/models/project.go:18.71,28.2 2 0
github.com/jbrinkman/valkey-ai-tasks/go/internal/models/project.go:31.45,40.2 1 0
github.com/jbrinkman/valkey-ai-tasks/go/internal/models/project.go:43.57,50.16 6 0
github.com/jbrinkman/valkey-ai-tasks/go/internal/models/project.go:50.16,52.3 1 0
github.com/jbrinkman/valkey-ai-tasks/go/internal/models/project.go:53.2,56.16 3 0
github.com/jbrinkman/valkey-ai-tasks/go/internal/models/project.go:56.16,58.3 1 0
github.com/jbrinkman/valkey-ai-tasks/go/internal/models/project.go:59.2,61.12 2 0
github.com/jbrinkman/valkey-ai-tasks/go/internal/models/task.go:41.85,54.2 2 0
github.com/jbrinkman/valkey-ai-tasks/go/internal/models/task.go:57.42,69.2 1 0
github.com/jbrinkman/valkey-ai-tasks/go/internal/models/task.go:72.54,81.25 8 0
github.com/jbrinkman/valkey-ai-tasks/go/internal/models/task.go:81.25,84.17 2 0
github.com/jbrinkman/valkey-ai-tasks/go/internal/models/task.go:84.17,86.4 1 0
github.com/jbrinkman/valkey-ai-tasks/go/internal/models/task.go:88.2,91.16 3 0
github.com/jbrinkman/valkey-ai-tasks/go/internal/models/task.go:91.16,93.3 1 0
github.com/jbrinkman/valkey-ai-tasks/go/internal/models/task.go:94.2,97.16 3 0
github.com/jbrinkman/valkey-ai-tasks/go/internal/models/task.go:97.16,99.3 1 0
github.com/jbrinkman/valkey-ai-tasks/go/internal/models/task.go:100.2,102.12 2 0
github.com/jbrinkman/valkey-ai-tasks/go/cmd/mcpserver/main.go:16.13,21.16 4 0
github.com/jbrinkman/valkey-ai-tasks/go/cmd/mcpserver/main.go:21.16,23.3 1 0
github.com/jbrinkman/valkey-ai-tasks/go/cmd/mcpserver/main.go:24.2,28.16 5 0
github.com/jbrinkman/valkey-ai-tasks/go/cmd/mcpserver/main.go:28.16,30.3 1 0
github.com/jbrinkman/valkey-ai-tasks/go/cmd/mcpserver/main.go:33.2,34.16 2 0
github.com/jbrinkman/valkey-ai-tasks/go/cmd/mcpserver/main.go:34.16,36.3 1 0
github.com/jbrinkman/valkey-ai-tasks/go/cmd/mcpserver/main.go:37.2,41.47 3 0
github.com/jbrinkman/valkey-ai-tasks/go/cmd/mcpserver/main.go:41.47,43.3 1 0
github.com/jbrinkman/valkey-ai-tasks/go/cmd/mcpserver/main.go:44.2,58.12 7 0
github.com/jbrinkman/valkey-ai-tasks/go/cmd/mcpserver/main.go:58.12,60.53 2 0
github.com/jbrinkman/valkey-ai-tasks/go/cmd/mcpserver/main.go:60.53,62.4 1 0
github.com/jbrinkman/valkey-ai-tasks/go/cmd/mcpserver/main.go:66.2,72.39 4 0
github.com/jbrinkman/valkey-ai-tasks/go/cmd/mcpserver/main.go:76.46,77.48 1 0
github.com/jbrinkman/valkey-ai-tasks/go/cmd/mcpserver/main.go:77.48,79.3 1 0
github.com/jbrinkman/valkey-ai-tasks/go/cmd/mcpserver/main.go:80.2,80.21 1 0
github.com/jbrinkman/valkey-ai-tasks/go/internal/storage/project_repository.go:19.68,23.2 1 0
github.com/jbrinkman/valkey-ai-tasks/go/internal/storage/project_repository.go:26.123,36.16 5 0
github.com/jbrinkman/valkey-ai-tasks/go/internal/storage/project_repository.go:36.16,38.3 1 0
github.com/jbrinkman/valkey-ai-tasks/go/internal/storage/project_repository.go:41.2,42.16 2 0
github.com/jbrinkman/valkey-ai-tasks/go/internal/storage/project_repository.go:42.16,46.3 2 0
github.com/jbrinkman/valkey-ai-tasks/go/internal/storage/project_repository.go:49.2,51.16 3 0
github.com/jbrinkman/valkey-ai-tasks/go/internal/storage/project_repository.go:51.16,54.3 1 0
github.com/jbrinkman/valkey-ai-tasks/go/internal/storage/project_repository.go:56.2,56.21 1 0
github.com/jbrinkman/valkey-ai-tasks/go/internal/storage/project_repository.go:60.90,64.16 3 0
github.com/jbrinkman/valkey-ai-tasks/go/internal/storage/project_repository.go:64.16,66.3 1 0
github.com/jbrinkman/valkey-ai-tasks/go/internal/storage/project_repository.go:69.2,69.20 1 0
github.com/jbrinkman/valkey-ai-tasks/go/internal/storage/project_repository.go:69.20,71.3 1 0
github.com/jbrinkman/valkey-ai-tasks/go/internal/storage/project_repository.go:74.2,76.16 3 0
github.com/jbrinkman/valkey-ai-tasks/go/internal/storage/project_repository.go:76.16,78.3 1 0
github.com/jbrinkman/valkey-ai-tasks/go/internal/storage/project_repository.go:80.2,80.21 1 0
github.com/jbrinkman/valkey-ai-tasks/go/internal/storage/project_repository.go:84.88,87.16 2 0
github.com/jbrinkman/valkey-ai-tasks/go/internal/storage/project_repository.go:87.16,89.3 1 0
github.com/jbrinkman/valkey-ai-tasks/go/internal/storage/project_repository.go:91.2,91.13 1 0
github.com/jbrinkman/valkey-ai-tasks/go/internal/storage/project_repository.go:91.13,93.3 1 0
github.com/jbrinkman/valkey-ai-tasks/go/internal/storage/project_repository.go:96.2,101.16 4 0
github.com/jbrinkman/valkey-ai-tasks/go/internal/storage/project_repository.go:101.16,103.3 1 0
github.com/jbrinkman/valkey-ai-tasks/go/internal/storage/project_repository.go:105.2,105.12 1 0
github.com/jbrinkman/valkey-ai-tasks/go/internal/storage/project_repository.go:109.74,112.16 2 0
github.com/jbrinkman/valkey-ai-tasks/go/internal/storage/project_repository.go:112.16,114.3 1 0
github.com/jbrinkman/valkey-ai-tasks/go/internal/storage/project_repository.go:116.2,116.13 1 0
github.com/jbrinkman/valkey-ai-tasks/go/internal/storage/project_repository.go:116.13,118.3 1 0
github.com/jbrinkman/valkey-ai-tasks/go/internal/storage/project_repository.go:121.2,124.16 4 0
github.com/jbrinkman/valkey-ai-tasks/go/internal/storage/project_repository.go:124.16,126.3 1 0
github.com/jbrinkman/valkey-ai-tasks/go/internal/storage/project_repository.go:129.2,129.33 1 0
github.com/jbrinkman/valkey-ai-tasks/go/internal/storage/project_repository.go:129.33,132.17 3 0
github.com/jbrinkman/valkey-ai-tasks/go/internal/storage/project_repository.go:132.17,134.4 1 0
github.com/jbrinkman/valkey-ai-tasks/go/internal/storage/project_repository.go:138.2,139.16 2 0
github.com/jbrinkman/valkey-ai-tasks/go/internal/storage/project_repository.go:139.16,141.3 1 0
github.com/jbrinkman/valkey-ai-tasks/go/internal/storage/project_repository.go:144.2,146.16 3 0
github.com/jbrinkman/valkey-ai-tasks/go/internal/storage/project_repository.go:146.16,148.3 1 0
github.com/jbrinkman/valkey-ai-tasks/go/internal/storage/project_repository.go:151.2,152.16 2 0
github.com/jbrinkman/valkey-ai-tasks/go/internal/storage/project_repository.go:152.16,154.3 1 0
github.com/jbrinkman/valkey-ai-tasks/go/internal/storage/project_repository.go:157.2,159.16 3 0
github.com/jbrinkman/valkey-ai-tasks/go/internal/storage/project_repository.go:159.16,162.3 1 0
github.com/jbrinkman/valkey-ai-tasks/go/internal/storage/project_repository.go:164.2,164.12 1 0
github.com/jbrinkman/valkey-ai-tasks/go/internal/storage/project_repository.go:168.82,171.16 2 0
github.com/jbrinkman/valkey-ai-tasks/go/internal/storage/project_repository.go:171.16,173.3 1 0
github.com/jbrinkman/valkey-ai-tasks/go/internal/storage/project_repository.go:175.2,178.32 2 0
github.com/jbrinkman/valkey-ai-tasks/go/internal/storage/project_repository.go:178.32,180.17 2 0
github.com/jbrinkman/valkey-ai-tasks/go/internal/storage/project_repository.go:180.17,182.4 1 0
github.com/jbrinkman/valkey-ai-tasks/go/internal/storage/project_repository.go:183.3,183.39 1 0
github.com/jbrinkman/valkey-ai-tasks/go/internal/storage/project_repository.go:186.2,186.22 1 0
github.com/jbrinkman/valkey-ai-tasks/go/internal/storage/project_repository.go:190.117,194.16 3 0
github.com/jbrinkman/valkey-ai-tasks/go/internal/storage/project_repository.go:194.16,196.3 1 0
github.com/jbrinkman/valkey-ai-tasks/go/internal/storage/project_repository.go:199.2,199.26 1 0
github.com/jbrinkman/valkey-ai-tasks/go/internal/storage/project_repository.go:199.26,201.3 1 0
github.com/jbrinkman/valkey-ai-tasks/go/internal/storage/project_repository.go:203.2,206.29 2 0
github.com/jbrinkman/valkey-ai-tasks/go/internal/storage/project_repository.go:206.29,209.17 3 0
github.com/jbrinkman/valkey-ai-tasks/go/internal/storage/project_repository.go:209.17,211.4 1 0
github.com/jbrinkman/valkey-ai-tasks/go/internal/storage/project_repository.go:214.3,214.28 1 0
github.com/jbrinkman/valkey-ai-tasks/go/internal/storage/project_repository.go:214.28,215.12 1 0
github.com/jbrinkman/valkey-ai-tasks/go/internal/storage/project_repository.go:219.3,220.54 2 0
github.com/jbrinkman/valkey-ai-tasks/go/internal/storage/project_repository.go:220.54,222.4 1 0
github.com/jbrinkman/valkey-ai-tasks/go/internal/storage/project_repository.go:224.3,224.39 1 0
github.com/jbrinkman/valkey-ai-tasks/go/internal/storage/project_repository.go:227.2,227.22 1 0
github.com/jbrinkman/valkey-ai-tasks/go/internal/storage/task_repository.go:27.62,31.2 1 0
github.com/jbrinkman/valkey-ai-tasks/go/internal/storage/task_repository.go:34.144,37.16 2 0
github.com/jbrinkman/valkey-ai-tasks/go/internal/storage/task_repository.go:37.16,39.3 1 0
github.com/jbrinkman/valkey-ai-tasks/go/internal/storage/task_repository.go:41.2,41.13 1 0
github.com/jbrinkman/valkey-ai-tasks/go/internal/storage/task_repository.go:41.13,43.3 1 0
github.com/jbrinkman/valkey-ai-tasks/go/internal/storage/task_repository.go:46.2,54.16 5 0
github.com/jbrinkman/valkey-ai-tasks/go/internal/storage/task_repository.go:54.16,56.3 1 0
github.com/jbrinkman/valkey-ai-tasks/go/internal/storage/task_repository.go:59.2,64.16 4 0
github.com/jbrinkman/valkey-ai-tasks/go/internal/storage/task_repository.go:64.16,66.3 1 0
github.com/jbrinkman/valkey-ai-tasks/go/internal/storage/task_repository.go:69.2,70.16 2 0
github.com/jbrinkman/valkey-ai-tasks/go/internal/storage/task_repository.go:70.16,74.3 2 0
github.com/jbrinkman/valkey-ai-tasks/go/internal/storage/task_repository.go:76.2,76.18 1 0
github.com/jbrinkman/valkey-ai-tasks/go/internal/storage/task_repository.go:80.84,84.16 3 0
github.com/jbrinkman/valkey-ai-tasks/go/internal/storage/task_repository.go:84.16,86.3 1 0
github.com/jbrinkman/valkey-ai-tasks/go/internal/storage/task_repository.go:89.2,89.20 1 0
github.com/jbrinkman/valkey-ai-tasks/go/internal/storage/task_repository.go:89.20,91.3 1 0
github.com/jbrinkman/valkey-ai-tasks/go/internal/storage/task_repository.go:94.2,96.16 3 0
github.com/jbrinkman/valkey-ai-tasks/go/internal/storage/task_repository.go:96.16,98.3 1 0
github.com/jbrinkman/valkey-ai-tasks/go/internal/storage/task_repository.go:100.2,100.18 1 0
github.com/jbrinkman/valkey-ai-tasks/go/internal/storage/task_repository.go:104.79,108.16 3 0
github.com/jbrinkman/valkey-ai-tasks/go/internal/storage/task_repository.go:108.16,110.3 1 0
github.com/jbrinkman/valkey-ai-tasks/go/internal/storage/task_repository.go:112.2,112.17 1 0
github.com/jbrinkman/valkey-ai-tasks/go/internal/storage/task_repository.go:112.17,114.3 1 0
github.com/jbrinkman/valkey-ai-tasks/go/internal/storage/task_repository.go:117.2,118.16 2 0
github.com/jbrinkman/valkey-ai-tasks/go/internal/storage/task_repository.go:118.16,120.3 1 0
github.com/jbrinkman/valkey-ai-tasks/go/internal/storage/task_repository.go:123.2,127.16 3 0
github.com/jbrinkman/valkey-ai-tasks/go/internal/storage/task_repository.go:127.16,129.3 1 0
github.com/jbrinkman/valkey-ai-tasks/go/internal/storage/task_repository.go:132.2,132.45 1 0
github.com/jbrinkman/valkey-ai-tasks/go/internal/storage/task_repository.go:132.45,136.17 3 0
github.com/jbrinkman/valkey-ai-tasks/go/internal/storage/task_repository.go:136.17,138.4 1 0
github.com/jbrinkman/valkey-ai-tasks/go/internal/storage/task_repository.go:141.3,143.17 3 0
github.com/jbrinkman/valkey-ai-tasks/go/internal/storage/task_repository.go:143.17,145.4 1 0
github.com/jbrinkman/valkey-ai-tasks/go/internal/storage/task_repository.go:148.3,152.17 3 0
github.com/jbrinkman/valkey-ai-tasks/go/internal/storage/task_repository.go:152.17,154.4 1 0
github.com/jbrinkman/valkey-ai-tasks/go/internal/storage/task_repository.go:157.3,161.17 3 0
github.com/jbrinkman/valkey-ai-tasks/go/internal/storage/task_repository.go:161.17,163.4 1 0
github.com/jbrinkman/valkey-ai-tasks/go/internal/storage/task_repository.go:166.3,167.17 2 0
github.com/jbrinkman/valkey-ai-tasks/go/internal/storage/task_repository.go:167.17,169.4 1 0
github.com/jbrinkman/valkey-ai-tasks/go/internal/storage/task_repository.go:172.2,172.12 1 0
github.com/jbrinkman/valkey-ai-tasks/go/internal/storage/task_repository.go:176.71,179.16 2 0
github.com/jbrinkman/valkey-ai-tasks/go/internal/storage/task_repository.go:179.16,181.3 1 0
github.com/jbrinkman/valkey-ai-tasks/go/internal/storage/task_repository.go:184.2,186.16 3 0
github.com/jbrinkman/valkey-ai-tasks/go/internal/storage/task_repository.go:186.16,188.3 1 0
github.com/jbrinkman/valkey-ai-tasks/go/internal/storage/task_repository.go:191.2,193.16 3 0
github.com/jbrinkman/valkey-ai-tasks/go/internal/storage/task_repository.go:193.16,195.3 1 0
github.com/jbrinkman/valkey-ai-tasks/go/internal/storage/task_repository.go:198.2,198.51 1 0
github.com/jbrinkman/valkey-ai-tasks/go/internal/storage/task_repository.go:202.103,205.16 2 0
github.com/jbrinkman/valkey-ai-tasks/go/internal/storage/task_repository.go:205.16,207.3 1 0
github.com/jbrinkman/valkey-ai-tasks/go/internal/storage/task_repository.go:209.2,209.13 1 0
github.com/jbrinkman/valkey-ai-tasks/go/internal/storage/task_repository.go:209.13,211.3 1 0
github.com/jbrinkman/valkey-ai-tasks/go/internal/storage/task_repository.go:214.2,217.16 4 0
github.com/jbrinkman/valkey-ai-tasks/go/internal/storage/task_repository.go:217.16,219.3 1 0
github.com/jbrinkman/valkey-ai-tasks/go/internal/storage/task_repository.go:221.2,224.29 2 0
github.com/jbrinkman/valkey-ai-tasks/go/internal/storage/task_repository.go:224.29,226.17 2 0
github.com/jbrinkman/valkey-ai-tasks/go/internal/storage/task_repository.go:226.17,228.4 1 0
github.com/jbrinkman/valkey-ai-tasks/go/internal/storage/task_repository.go:229.3,229.30 1 0
github.com/jbrinkman/valkey-ai-tasks/go/internal/storage/task_repository.go:232.2,232.19 1 0
github.com/jbrinkman/valkey-ai-tasks/go/internal/storage/task_repository.go:236.110,239.16 2 0
github.com/jbrinkman/valkey-ai-tasks/go/internal/storage/task_repository.go:239.16,241.3 1 0
github.com/jbrinkman/valkey-ai-tasks/go/internal/storage/task_repository.go:243.2,246.39 2 0
github.com/jbrinkman/valkey-ai-tasks/go/internal/storage/task_repository.go:246.39,248.17 2 0
github.com/jbrinkman/valkey-ai-tasks/go/internal/storage/task_repository.go:248.17,250.4 1 0
github.com/jbrinkman/valkey-ai-tasks/go/internal/storage/task_repository.go:253.3,253.30 1 0
github.com/jbrinkman/valkey-ai-tasks/go/internal/storage/task_repository.go:253.30,254.29 1 0
github.com/jbrinkman/valkey-ai-tasks/go/internal/storage/task_repository.go:254.29,256.5 1 0
github.com/jbrinkman/valkey-ai-tasks/go/internal/storage/task_repository.go:260.2,260.22 1 0
github.com/jbrinkman/valkey-ai-tasks/go/internal/storage/task_repository.go:264.94,267.16 2 0
github.com/jbrinkman/valkey-ai-tasks/go/internal/storage/task_repository.go:267.16,269.3 1 0
github.com/jbrinkman/valkey-ai-tasks/go/internal/storage/task_repository.go:272.2,273.16 2 0
github.com/jbrinkman/valkey-ai-tasks/go/internal/storage/task_repository.go:273.16,275.3 1 0
github.com/jbrinkman/valkey-ai-tasks/go/internal/storage/task_repository.go:278.2,278.51 1 0
github.com/jbrinkman/valkey-ai-tasks/go/internal/storage/task_repository.go:278.51,280.3 1 0
github.com/jbrinkman/valkey-ai-tasks/go/internal/storage/task_repository.go:283.2,283.28 1 0
github.com/jbrinkman/valkey-ai-tasks/go/internal/storage/task_repository.go:283.28,285.3 1 0
github.com/jbrinkman/valkey-ai-tasks/go/internal/storage/task_repository.go:288.2,294.16 5 0
github.com/jbrinkman/valkey-ai-tasks/go/internal/storage/task_repository.go:294.16,296.3 1 0
github.com/jbrinkman/valkey-ai-tasks/go/internal/storage/task_repository.go:299.2,301.16 3 0
github.com/jbrinkman/valkey-ai-tasks/go/internal/storage/task_repository.go:301.16,303.3 1 0
github.com/jbrinkman/valkey-ai-tasks/go/internal/storage/task_repository.go:306.2,306.51 1 0
github.com/jbrinkman/valkey-ai-tasks/go/internal/storage/task_repository.go:310.130,313.16 2 0
github.com/jbrinkman/valkey-ai-tasks/go/internal/storage/task_repository.go:313.16,315.3 1 0
github.com/jbrinkman/valkey-ai-tasks/go/internal/storage/task_repository.go:317.2,317.13 1 0
github.com/jbrinkman/valkey-ai-tasks/go/internal/storage/task_repository.go:317.13,319.3 1 0
github.com/jbrinkman/valkey-ai-tasks/go/internal/storage/task_repository.go:322.2,324.16 3 0
github.com/jbrinkman/valkey-ai-tasks/go/internal/storage/task_repository.go:324.16,326.3 1 0
github.com/jbrinkman/valkey-ai-tasks/go/internal/storage/task_repository.go:329.2,330.35 2 0
github.com/jbrinkman/valkey-ai-tasks/go/internal/storage/task_repository.go:330.35,336.21 3 0
github.com/jbrinkman/valkey-ai-tasks/go/internal/storage/task_repository.go:336.21,338.4 1 0
github.com/jbrinkman/valkey-ai-tasks/go/internal/storage/task_repository.go:340.3,341.19 2 0
github.com/jbrinkman/valkey-ai-tasks/go/internal/storage/task_repository.go:341.19,343.4 1 0
github.com/jbrinkman/valkey-ai-tasks/go/internal/storage/task_repository.go:345.3,346.24 2 0
github.com/jbrinkman/valkey-ai-tasks/go/internal/storage/task_repository.go:346.24,348.4 1 0
github.com/jbrinkman/valkey-ai-tasks/go/internal/storage/task_repository.go:351.3,358.17 6 0
github.com/jbrinkman/valkey-ai-tasks/go/internal/storage/task_repository.go:358.17,360.45 1 0
github.com/jbrinkman/valkey-ai-tasks/go/internal/storage/task_repository.go:360.45,363.5 2 0
github.com/jbrinkman/valkey-ai-tasks/go/internal/storage/task_repository.go:364.4,364.59 1 0
github.com/jbrinkman/valkey-ai-tasks/go/internal/storage/task_repository.go:368.3,369.17 2 0
github.com/jbrinkman/valkey-ai-tasks/go/internal/storage/task_repository.go:369.17,373.45 2 0
github.com/jbrinkman/valkey-ai-tasks/go/internal/storage/task_repository.go:373.45,376.5 2 0
github.com/jbrinkman/valkey-ai-tasks/go/internal/storage/task_repository.go:377.4,377.68 1 0
github.com/jbrinkman/valkey-ai-tasks/go/internal/storage/task_repository.go:380.3,380.44 1 0
github.com/jbrinkman/valkey-ai-tasks/go/internal/storage/task_repository.go:383.2,383.26 1 0
github.com/jbrinkman/valkey-ai-tasks/go/internal/storage/task_repository.go:387.91,392.16 4 0
github.com/jbrinkman/valkey-ai-tasks/go/internal/storage/task_repository.go:392.16,394.3 1 0
github.com/jbrinkman/valkey-ai-tasks/go/internal/storage/task_repository.go:397.2,397.29 1 0
github.com/jbrinkman/valkey-ai-tasks/go/internal/storage/task_repository.go:397.29,400.17 2 0
github.com/jbrinkman/valkey-ai-tasks/go/internal/storage/task_repository.go:400.17,402.4 1 0
github.com/jbrinkman/valkey-ai-tasks/go/internal/storage/task_repository.go:405.3,405.34 1 0
github.com/jbrinkman/valkey-ai-tasks/go/internal/storage/task_repository.go:405.34,408.18 2 0
github.com/jbrinkman/valkey-ai-tasks/go/internal/storage/task_repository.go:408.18,410.5 1 0
github.com/jbrinkman/valkey-ai-tasks/go/internal/storage/task_repository.go:413.4,419.18 4 0
github.com/jbrinkman/valkey-ai-tasks/go/internal/storage/task_repository.go:419.18,421.5 1 0
github.com/jbrinkman/valkey-ai-tasks/go/internal/storage/task_repository.go:425.2,425.12 1 0
github.com/jbrinkman/valkey-ai-tasks/go/internal/storage/valkey_client.go:17.98,21.38 2 0
github.com/jbrinkman/valkey-ai-tasks/go/internal/storage/valkey_client.go:21.38,23.3 1 0
github.com/jbrinkman/valkey-ai-tasks/go/internal/storage/valkey_client.go:25.2,26.16 2 0
github.com/jbrinkman/valkey-ai-tasks/go/internal/storage/valkey_client.go:26.16,28.3 1 0
github.com/jbrinkman/valkey-ai-tasks/go/internal/storage/valkey_client.go:30.2,32.8 1 0
github.com/jbrinkman/valkey-ai-tasks/go/internal/storage/valkey_client.go:36.57,39.2 2 0
github.com/jbrinkman/valkey-ai-tasks/go/internal/storage/valkey_client.go:42.39,45.2 2 0
github.com/jbrinkman/valkey-ai-tasks/go/internal/storage/valkey_client.go:59.45,61.2 1 0
github.com/jbrinkman/valkey-ai-tasks/go/internal/storage/valkey_client.go:64.39,66.2 1 0
github.com/jbrinkman/valkey-ai-tasks/go/internal/storage/valkey_client.go:69.50,71.2 1 0
github.com/jbrinkman/valkey-ai-tasks/go/internal/mcp/server.go:23.104,28.2 1 0
github.com/jbrinkman/valkey-ai-tasks/go/internal/mcp/server.go:31.71,36.36 2 0
github.com/jbrinkman/valkey-ai-tasks/go/internal/mcp/server.go:36.36,42.3 5 0
github.com/jbrinkman/valkey-ai-tasks/go/internal/mcp/server.go:45.2,54.25 7 0
github.com/jbrinkman/valkey-ai-tasks/go/internal/mcp/server.go:54.25,57.3 2 0
github.com/jbrinkman/valkey-ai-tasks/go/internal/mcp/server.go:60.2,60.27 1 0
github.com/jbrinkman/valkey-ai-tasks/go/internal/mcp/server.go:60.27,62.51 1 0
github.com/jbrinkman/valkey-ai-tasks/go/internal/mcp/server.go:62.51,65.4 2 0
github.com/jbrinkman/valkey-ai-tasks/go/internal/mcp/server.go:68.3,69.9 2 0
github.com/jbrinkman/valkey-ai-tasks/go/internal/mcp/server.go:73.2,73.87 1 0
github.com/jbrinkman/valkey-ai-tasks/go/internal/mcp/server.go:77.98,79.55 1 0
github.com/jbrinkman/valkey-ai-tasks/go/internal/mcp/server.go:79.55,82.3 2 0
github.com/jbrinkman/valkey-ai-tasks/go/internal/mcp/server.go:85.2,85.25 1 0
github.com/jbrinkman/valkey-ai-tasks/go/internal/mcp/server.go:85.25,88.3 2 0
github.com/jbrinkman/valkey-ai-tasks/go/internal/mcp/server.go:90.2,90.22 1 0
github.com/jbrinkman/valkey-ai-tasks/go/internal/mcp/server.go:91.24,92.30 1 0
github.com/jbrinkman/valkey-ai-tasks/go/internal/mcp/server.go:93.16,94.38 1 0
github.com/jbrinkman/valkey-ai-tasks/go/internal/mcp/server.go:95.10,96.93 1 0
github.com/jbrinkman/valkey-ai-tasks/go/internal/mcp/server.go:113.81,352.2 2 0
github.com/jbrinkman/valkey-ai-tasks/go/internal/mcp/server.go:355.94,356.25 1 0
github.com/jbrinkman/valkey-ai-tasks/go/internal/mcp/server.go:356.25,359.3 2 0
github.com/jbrinkman/valkey-ai-tasks/go/internal/mcp/server.go:361.2,365.64 3 0
github.com/jbrinkman/valkey-ai-tasks/go/internal/mcp/server.go:365.64,368.3 2 0
github.com/jbrinkman/valkey-ai-tasks/go/internal/mcp/server.go:371.2,377.22 4 0
github.com/jbrinkman/valkey-ai-tasks/go/internal/mcp/server.go:378.24,379.45 1 0
github.com/jbrinkman/valkey-ai-tasks/go/internal/mcp/server.go:380.21,381.42 1 0
github.com/jbrinkman/valkey-ai-tasks/go/internal/mcp/server.go:382.23,383.36 1 0
github.com/jbrinkman/valkey-ai-tasks/go/internal/mcp/server.go:384.38,385.57 1 0
github.com/jbrinkman/valkey-ai-tasks/go/internal/mcp/server.go:386.24,387.45 1 0
github.com/jbrinkman/valkey-ai-tasks/go/internal/mcp/server.go:388.24,389.45 1 0
github.com/jbrinkman/valkey-ai-tasks/go/internal/mcp/server.go:390.21,391.42 1 0
github.com/jbrinkman/valkey-ai-tasks/go/internal/mcp/server.go:392.18,393.39 1 0
github.com/jbrinkman/valkey-ai-tasks/go/internal/mcp/server.go:394.31,395.50 1 0
github.com/jbrinkman/valkey-ai-tasks/go/internal/mcp/server.go:396.30,397.49 1 0
github.com/jbrinkman/valkey-ai-tasks/go/internal/mcp/server.go:398.21,399.42 1 0
github.com/jbrinkman/valkey-ai-tasks/go/internal/mcp/server.go:400.21,401.42 1 0
github.com/jbrinkman/valkey-ai-tasks/go/internal/mcp/server.go:402.22,403.43 1 0
github.com/jbrinkman/valkey-ai-tasks/go/internal/mcp/server.go:404.10,406.9 2 0
github.com/jbrinkman/valkey-ai-tasks/go/internal/mcp/server.go:409.2,409.16 1 0
github.com/jbrinkman/valkey-ai-tasks/go/internal/mcp/server.go:409.16,412.3 2 0
github.com/jbrinkman/valkey-ai-tasks/go/internal/mcp/server.go:415.2,415.35 1 0
github.com/jbrinkman/valkey-ai-tasks/go/internal/mcp/server.go:419.68,425.2 3 0
github.com/jbrinkman/valkey-ai-tasks/go/internal/mcp/server.go:428.108,430.9 2 0
github.com/jbrinkman/valkey-ai-tasks/go/internal/mcp/server.go:430.9,432.3 1 0
github.com/jbrinkman/valkey-ai-tasks/go/internal/mcp/server.go:434.2,435.9 2 0
github.com/jbrinkman/valkey-ai-tasks/go/internal/mcp/server.go:435.9,437.3 1 0
github.com/jbrinkman/valkey-ai-tasks/go/internal/mcp/server.go:439.2,442.16 3 0
github.com/jbrinkman/valkey-ai-tasks/go/internal/mcp/server.go:442.16,444.3 1 0
github.com/jbrinkman/valkey-ai-tasks/go/internal/mcp/server.go:446.2,446.21 1 0
github.com/jbrinkman/valkey-ai-tasks/go/internal/mcp/server.go:449.105,451.9 2 0
github.com/jbrinkman/valkey-ai-tasks/go/internal/mcp/server.go:451.9,453.3 1 0
github.com/jbrinkman/valkey-ai-tasks/go/internal/mcp/server.go:455.2,456.16 2 0
github.com/jbrinkman/valkey-ai-tasks/go/internal/mcp/server.go:456.16,458.3 1 0
github.com/jbrinkman/valkey-ai-tasks/go/internal/mcp/server.go:460.2,460.21 1 0
github.com/jbrinkman/valkey-ai-tasks/go/internal/mcp/server.go:463.76,465.16 2 0
github.com/jbrinkman/valkey-ai-tasks/go/internal/mcp/server.go:465.16,467.3 1 0
github.com/jbrinkman/valkey-ai-tasks/go/internal/mcp/server.go:469.2,469.22 1 0
github.com/jbrinkman/valkey-ai-tasks/go/internal/mcp/server.go:472.120,474.9 2 0
github.com/jbrinkman/valkey-ai-tasks/go/internal/mcp/server.go:474.9,476.3 1 0
github.com/jbrinkman/valkey-ai-tasks/go/internal/mcp/server.go:478.2,479.16 2 0
github.com/jbrinkman/valkey-ai-tasks/go/internal/mcp/server.go:479.16,481.3 1 0
github.com/jbrinkman/valkey-ai-tasks/go/internal/mcp/server.go:483.2,483.22 1 0
github.com/jbrinkman/valkey-ai-tasks/go/internal/mcp/server.go:486.108,488.9 2 0
github.com/jbrinkman/valkey-ai-tasks/go/internal/mcp/server.go:488.9,490.3 1 0
github.com/jbrinkman/valkey-ai-tasks/go/internal/mcp/server.go:493.2,494.16 2 0
github.com/jbrinkman/valkey-ai-tasks/go/internal/mcp/server.go:494.16,496.3 1 0
github.com/jbrinkman/valkey-ai-tasks/go/internal/mcp/server.go:499.2,499.45 1 0
github.com/jbrinkman/valkey-ai-tasks/go/internal/mcp/server.go:499.45,501.3 1 0
github.com/jbrinkman/valkey-ai-tasks/go/internal/mcp/server.go:503.2,503.59 1 0
github.com/jbrinkman/valkey-ai-tasks/go/internal/mcp/server.go:503.59,505.3 1 0
github.com/jbrinkman/valkey-ai-tasks/go/internal/mcp/server.go:508.2,509.16 2 0
github.com/jbrinkman/valkey-ai-tasks/go/internal/mcp/server.go:509.16,511.3 1 0
github.com/jbrinkman/valkey-ai-tasks/go/internal/mcp/server.go:513.2,513.21 1 0
github.com/jbrinkman/valkey-ai-tasks/go/internal/mcp/server.go:516.108,518.9 2 0
github.com/jbrinkman/valkey-ai-tasks/go/internal/mcp/server.go:518.9,520.3 1 0
github.com/jbrinkman/valkey-ai-tasks/go/internal/mcp/server.go:522.2,523.16 2 0
github.com/jbrinkman/valkey-ai-tasks/go/internal/mcp/server.go:523.16,525.3 1 0
github.com/jbrinkman/valkey-ai-tasks/go/internal/mcp/server.go:527.2,527.82 1 0
github.com/jbrinkman/valkey-ai-tasks/go/internal/mcp/server.go:531.105,533.9 2 0
github.com/jbrinkman/valkey-ai-tasks/go/internal/mcp/server.go:533.9,535.3 1 0
github.com/jbrinkman/valkey-ai-tasks/go/internal/mcp/server.go:537.2,538.9 2 0
github.com/jbrinkman/valkey-ai-tasks/go/internal/mcp/server.go:538.9,540.3 1 0
github.com/jbrinkman/valkey-ai-tasks/go/internal/mcp/server.go:542.2,545.9 3 0
github.com/jbrinkman/valkey-ai-tasks/go/internal/mcp/server.go:545.9,547.3 1 0
github.com/jbrinkman/valkey-ai-tasks/go/internal/mcp/server.go:549.2,552.39 2 0
github.com/jbrinkman/valkey-ai-tasks/go/internal/mcp/server.go:552.39,554.3 1 0
github.com/jbrinkman/valkey-ai-tasks/go/internal/mcp/server.go:556.2,557.16 2 0
github.com/jbrinkman/valkey-ai-tasks/go/internal/mcp/server.go:557.16,559.3 1 0
github.com/jbrinkman/valkey-ai-tasks/go/internal/mcp/server.go:561.2,561.18 1 0
github.com/jbrinkman/valkey-ai-tasks/go/internal/mcp/server.go:564.102,566.9 2 0
github.com/jbrinkman/valkey-ai-tasks/go/internal/mcp/server.go:566.9,568.3 1 0
github.com/jbrinkman/valkey-ai-tasks/go/internal/mcp/server.go:570.2,571.16 2 0
github.com/jbrinkman/valkey-ai-tasks/go/internal/mcp/server.go:571.16,573.3 1 0
github.com/jbrinkman/valkey-ai-tasks/go/internal/mcp/server.go:575.2,575.18 1 0
github.com/jbrinkman/valkey-ai-tasks/go/internal/mcp/server.go:578.113,580.9 2 0
github.com/jbrinkman/valkey-ai-tasks/go/internal/mcp/server.go:580.9,582.3 1 0
github.com/jbrinkman/valkey-ai-tasks/go/internal/mcp/server.go:584.2,585.16 2 0
github.com/jbrinkman/valkey-ai-tasks/go/internal/mcp/server.go:585.16,587.3 1 0
github.com/jbrinkman/valkey-ai-tasks/go/internal/mcp/server.go:589.2,589.19 1 0
github.com/jbrinkman/valkey-ai-tasks/go/internal/mcp/server.go:592.112,594.9 2 0
github.com/jbrinkman/valkey-ai-tasks/go/internal/mcp/server.go:594.9,596.3 1 0
github.com/jbrinkman/valkey-ai-tasks/go/internal/mcp/server.go:598.2,602.40 2 0
github.com/jbrinkman/valkey-ai-tasks/go/internal/mcp/server.go:602.40,604.3 1 0
github.com/jbrinkman/valkey-ai-tasks/go/internal/mcp/server.go:606.2,607.16 2 0
github.com/jbrinkman/valkey-ai-tasks/go/internal/mcp/server.go:607.16,609.3 1 0
github.com/jbrinkman/valkey-ai-tasks/go/internal/mcp/server.go:611.2,611.19 1 0
github.com/jbrinkman/valkey-ai-tasks/go/internal/mcp/server.go:614.105,616.9 2 0
github.com/jbrinkman/valkey-ai-tasks/go/internal/mcp/server.go:616.9,618.3 1 0
github.com/jbrinkman/valkey-ai-tasks/go/internal/mcp/server.go:621.2,622.16 2 0
github.com/jbrinkman/valkey-ai-tasks/go/internal/mcp/server.go:622.16,624.3 1 0
github.com/jbrinkman/valkey-ai-tasks/go/internal/mcp/server.go:627.2,627.47 1 0
github.com/jbrinkman/valkey-ai-tasks/go/internal/mcp/server.go:627.47,629.3 1 0
github.com/jbrinkman/valkey-ai-tasks/go/internal/mcp/server.go:631.2,631.59 1 0
github.com/jbrinkman/valkey-ai-tasks/go/internal/mcp/server.go:631.59,633.3 1 0
github.com/jbrinkman/valkey-ai-tasks/go/internal/mcp/server.go:635.2,635.52 1 0
github.com/jbrinkman/valkey-ai-tasks/go/internal/mcp/server.go:635.52,640.41 2 0
github.com/jbrinkman/valkey-ai-tasks/go/internal/mcp/server.go:640.41,642.4 1 0
github.com/jbrinkman/valkey-ai-tasks/go/internal/mcp/server.go:643.3,643.23 1 0
github.com/jbrinkman/valkey-ai-tasks/go/internal/mcp/server.go:646.2,646.56 1 0
github.com/jbrinkman/valkey-ai-tasks/go/internal/mcp/server.go:646.56,650.40 2 0
github.com/jbrinkman/valkey-ai-tasks/go/internal/mcp/server.go:650.40,652.4 1 0
github.com/jbrinkman/valkey-ai-tasks/go/internal/mcp/server.go:653.3,653.27 1 0
github.com/jbrinkman/valkey-ai-tasks/go/internal/mcp/server.go:656.2,656.87 1 0
github.com/jbrinkman/valkey-ai-tasks/go/internal/mcp/server.go:656.87,659.17 2 0
github.com/jbrinkman/valkey-ai-tasks/go/internal/mcp/server.go:659.17,661.4 1 0
github.com/jbrinkman/valkey-ai-tasks/go/internal/mcp/server.go:662.3,662.29 1 0
github.com/jbrinkman/valkey-ai-tasks/go/internal/mcp/server.go:666.2,667.16 2 0
github.com/jbrinkman/valkey-ai-tasks/go/internal/mcp/server.go:667.16,669.3 1 0
github.com/jbrinkman/valkey-ai-tasks/go/internal/mcp/server.go:671.2,671.18 1 0
github.com/jbrinkman/valkey-ai-tasks/go/internal/mcp/server.go:674.105,676.9 2 0
github.com/jbrinkman/valkey-ai-tasks/go/internal/mcp/server.go:676.9,678.3 1 0
github.com/jbrinkman/valkey-ai-tasks/go/internal/mcp/server.go:680.2,681.16 2 0
github.com/jbrinkman/valkey-ai-tasks/go/internal/mcp/server.go:681.16,683.3 1 0
github.com/jbrinkman/valkey-ai-tasks/go/internal/mcp/server.go:685.2,685.79 1 0
github.com/jbrinkman/valkey-ai-tasks/go/internal/mcp/server.go:688.106,690.9 2 0
github.com/jbrinkman/valkey-ai-tasks/go/internal/mcp/server.go:690.9,692.3 1 0
github.com/jbrinkman/valkey-ai-tasks/go/internal/mcp/server.go:694.2,695.9 2 0
github.com/jbrinkman/valkey-ai-tasks/go/internal/mcp/server.go:695.9,697.3 1 0
github.com/jbrinkman/valkey-ai-tasks/go/internal/mcp/server.go:698.2,701.16 3 0
github.com/jbrinkman/valkey-ai-tasks/go/internal/mcp/server.go:701.16,703.3 1 0
github.com/jbrinkman/valkey-ai-tasks/go/internal/mcp/server.go:706.2,707.16 2 0
github.com/jbrinkman/valkey-ai-tasks/go/internal/mcp/server.go:707.16,709.3 1 0
github.com/jbrinkman/valkey-ai-tasks/go/internal/mcp/server.go:711.2,711.18 1 0
github.com/jbrinkman/valkey-ai-tasks/go/internal/mcp/server.go:715.71,735.33 10 0
github.com/jbrinkman/valkey-ai-tasks/go/internal/mcp/server.go:735.33,737.70 2 0
github.com/jbrinkman/valkey-ai-tasks/go/internal/mcp/server.go:737.70,741.4 3 0
github.com/jbrinkman/valkey-ai-tasks/go/internal/mcp/server.go:744.3,745.10 2 0
github.com/jbrinkman/valkey-ai-tasks/go/internal/mcp/server.go:745.10,749.4 3 0
github.com/jbrinkman/valkey-ai-tasks/go/internal/mcp/server.go:751.3,755.70 3 0
github.com/jbrinkman/valkey-ai-tasks/go/internal/mcp/server.go:755.70,757.4 1 0
github.com/jbrinkman/valkey-ai-tasks/go/internal/mcp/server.go:757.9,759.4 1 0
github.com/jbrinkman/valkey-ai-tasks/go/internal/mcp/server.go:762.3,768.23 4 0
github.com/jbrinkman/valkey-ai-tasks/go/internal/mcp/server.go:769.25,770.54 1 0
github.com/jbrinkman/valkey-ai-tasks/go/internal/mcp/server.go:771.22,772.51 1 0
github.com/jbrinkman/valkey-ai-tasks/go/internal/mcp/server.go:773.24,774.45 1 0
github.com/jbrinkman/valkey-ai-tasks/go/internal/mcp/server.go:775.39,776.66 1 0
github.com/jbrinkman/valkey-ai-tasks/go/internal/mcp/server.go:777.25,778.54 1 0
github.com/jbrinkman/valkey-ai-tasks/go/internal/mcp/server.go:779.25,780.54 1 0
github.com/jbrinkman/valkey-ai-tasks/go/internal/mcp/server.go:781.22,782.51 1 0
github.com/jbrinkman/valkey-ai-tasks/go/internal/mcp/server.go:783.19,784.48 1 0
github.com/jbrinkman/valkey-ai-tasks/go/internal/mcp/server.go:785.32,786.59 1 0
github.com/jbrinkman/valkey-ai-tasks/go/internal/mcp/server.go:787.31,788.58 1 0
github.com/jbrinkman/valkey-ai-tasks/go/internal/mcp/server.go:789.22,790.51 1 0
github.com/jbrinkman/valkey-ai-tasks/go/internal/mcp/server.go:791.22,792.51 1 0
github.com/jbrinkman/valkey-ai-tasks/go/internal/mcp/server.go:793.23,794.52 1 0
github.com/jbrinkman/valkey-ai-tasks/go/internal/mcp/server.go:795.11,798.10 3 0
github.com/jbrinkman/valkey-ai-tasks/go/internal/mcp/server.go:801.3,801.17 1 0
github.com/jbrinkman/valkey-ai-tasks/go/internal/mcp/server.go:801.17,805.4 3 0
github.com/jbrinkman/valkey-ai-tasks/go/internal/mcp/server.go:808.3,816.59 5 0
github.com/jbrinkman/valkey-ai-tasks/go/internal/mcp/server.go:820.2,824.6 4 0
github.com/jbrinkman/valkey-ai-tasks/go/internal/mcp/server.go:824.6,825.10 1 0
github.com/jbrinkman/valkey-ai-tasks/go/internal/mcp/server.go:826.19,831.57 4 0
github.com/jbrinkman/valkey-ai-tasks/go/internal/mcp/server.go:832.21,835.10 2 0
github.com/jbrinkman/valkey-ai-tasks/go/internal/mcp/server.go:841.85,852.2 4 0
github.com/jbrinkman/valkey-ai-tasks/go/internal/mcp/server_mcp.go:23.106,42.2 4 0
github.com/jbrinkman/valkey-ai-tasks/go/internal/mcp/server_mcp.go:45.45,53.2 3 0
github.com/jbrinkman/valkey-ai-tasks/go/internal/mcp/server_mcp.go:56.39,74.2 14 0
github.com/jbrinkman/valkey-ai-tasks/go/internal/mcp/server_mcp.go:78.51,94.109 2 0
github.com/jbrinkman/valkey-ai-tasks/go/internal/mcp/server_mcp.go:94.109,97.17 2 0
github.com/jbrinkman/valkey-ai-tasks/go/internal/mcp/server_mcp.go:97.17,99.4 1 0
github.com/jbrinkman/valkey-ai-tasks/go/internal/mcp/server_mcp.go:101.3,102.17 2 0
github.com/jbrinkman/valkey-ai-tasks/go/internal/mcp/server_mcp.go:102.17,104.4 1 0
github.com/jbrinkman/valkey-ai-tasks/go/internal/mcp/server_mcp.go:106.3,110.17 3 0
github.com/jbrinkman/valkey-ai-tasks/go/internal/mcp/server_mcp.go:110.17,112.4 1 0
github.com/jbrinkman/valkey-ai-tasks/go/internal/mcp/server_mcp.go:114.3,115.17 2 0
github.com/jbrinkman/valkey-ai-tasks/go/internal/mcp/server_mcp.go:115.17,117.4 1 0
github.com/jbrinkman/valkey-ai-tasks/go/internal/mcp/server_mcp.go:118.3,118.57 1 0
github.com/jbrinkman/valkey-ai-tasks/go/internal/mcp/server_mcp.go:122.48,131.109 2 0
github.com/jbrinkman/valkey-ai-tasks/go/internal/mcp/server_mcp.go:131.109,133.17 2 0
github.com/jbrinkman/valkey-ai-tasks/go/internal/mcp/server_mcp.go:133.17,135.4 1 0
github.com/jbrinkman/valkey-ai-tasks/go/internal/mcp/server_mcp.go:137.3,138.17 2 0
github.com/jbrinkman/valkey-ai-tasks/go/internal/mcp/server_mcp.go:138.17,140.4 1 0
github.com/jbrinkman/valkey-ai-tasks/go/internal/mcp/server_mcp.go:142.3,143.17 2 0
github.com/jbrinkman/valkey-ai-tasks/go/internal/mcp/server_mcp.go:143.17,145.4 1 0
github.com/jbrinkman/valkey-ai-tasks/go/internal/mcp/server_mcp.go:146.3,146.57 1 0
github.com/jbrinkman/valkey-ai-tasks/go/internal/mcp/server_mcp.go:150.50,155.109 2 0
github.com/jbrinkman/valkey-ai-tasks/go/internal/mcp/server_mcp.go:155.109,157.17 2 0
github.com/jbrinkman/valkey-ai-tasks/go/internal/mcp/server_mcp.go:157.17,159.4 1 0
github.com/jbrinkman/valkey-ai-tasks/go/internal/mcp/server_mcp.go:161.3,162.17 2 0
github.com/jbrinkman/valkey-ai-tasks/go/internal/mcp/server_mcp.go:162.17,164.4 1 0
github.com/jbrinkman/valkey-ai-tasks/go/internal/mcp/server_mcp.go:165.3,165.58 1 0
github.com/jbrinkman/valkey-ai-tasks/go/internal/mcp/server_mcp.go:169.63,178.109 2 0
github.com/jbrinkman/valkey-ai-tasks/go/internal/mcp/server_mcp.go:178.109,180.17 2 0
github.com/jbrinkman/valkey-ai-tasks/go/internal/mcp/server_mcp.go:180.17,182.4 1 0
github.com/jbrinkman/valkey-ai-tasks/go/internal/mcp/server_mcp.go:184.3,185.17 2 0
github.com/jbrinkman/valkey-ai-tasks/go/internal/mcp/server_mcp.go:185.17,187.4 1 0
github.com/jbrinkman/valkey-ai-tasks/go/internal/mcp/server_mcp.go:189.3,190.17 2 0
github.com/jbrinkman/valkey-ai-tasks/go/internal/mcp/server_mcp.go:190.17,192.4 1 0
github.com/jbrinkman/valkey-ai-tasks/go/internal/mcp/server_mcp.go:193.3,193.58 1 0
github.com/jbrinkman/valkey-ai-tasks/go/internal/mcp/server_mcp.go:197.51,212.109 2 0
github.com/jbrinkman/valkey-ai-tasks/go/internal/mcp/server_mcp.go:212.109,214.17 2 0
github.com/jbrinkman/valkey-ai-tasks/go/internal/mcp/server_mcp.go:214.17,216.4 1 0
github.com/jbrinkman/valkey-ai-tasks/go/internal/mcp/server_mcp.go:219.3,220.17 2 0
github.com/jbrinkman/valkey-ai-tasks/go/internal/mcp/server_mcp.go:220.17,222.4 1 0
github.com/jbrinkman/valkey-ai-tasks/go/internal/mcp/server_mcp.go:225.3,226.27 2 0
github.com/jbrinkman/valkey-ai-tasks/go/internal/mcp/server_mcp.go:226.27,228.4 1 0
github.com/jbrinkman/valkey-ai-tasks/go/internal/mcp/server_mcp.go:230.3,231.41 2 0
github.com/jbrinkman/valkey-ai-tasks/go/internal/mcp/server_mcp.go:231.41,233.4 1 0
github.com/jbrinkman/valkey-ai-tasks/go/internal/mcp/server_mcp.go:236.3,237.17 2 0
github.com/jbrinkman/valkey-ai-tasks/go/internal/mcp/server_mcp.go:237.17,239.4 1 0
github.com/jbrinkman/valkey-ai-tasks/go/internal/mcp/server_mcp.go:241.3,242.17 2 0
github.com/jbrinkman/valkey-ai-tasks/go/internal/mcp/server_mcp.go:242.17,244.4 1 0
github.com/jbrinkman/valkey-ai-tasks/go/internal/mcp/server_mcp.go:245.3,245.57 1 0
github.com/jbrinkman/valkey-ai-tasks/go/internal/mcp/server_mcp.go:249.51,258.109 2 0
github.com/jbrinkman/valkey-ai-tasks/go/internal/mcp/server_mcp.go:258.109,260.17 2 0
github.com/jbrinkman/valkey-ai-tasks/go/internal/mcp/server_mcp.go:260.17,262.4 1 0
github.com/jbrinkman/valkey-ai-tasks/go/internal/mcp/server_mcp.go:264.3,265.17 2 0
github.com/jbrinkman/valkey-ai-tasks/go/internal/mcp/server_mcp.go:265.17,267.4 1 0
github.com/jbrinkman/valkey-ai-tasks/go/internal/mcp/server_mcp.go:269.3,269.55 1 0
github.com/jbrinkman/valkey-ai-tasks/go/internal/mcp/server_mcp.go:275.48,299.109 2 0
github.com/jbrinkman/valkey-ai-tasks/go/internal/mcp/server_mcp.go:299.109,301.17 2 0
github.com/jbrinkman/valkey-ai-tasks/go/internal/mcp/server_mcp.go:301.17,303.4 1 0
github.com/jbrinkman/valkey-ai-tasks/go/internal/mcp/server_mcp.go:305.3,306.17 2 0
github.com/jbrinkman/valkey-ai-tasks/go/internal/mcp/server_mcp.go:306.17,308.4 1 0
github.com/jbrinkman/valkey-ai-tasks/go/internal/mcp/server_mcp.go:310.3,316.17 5 0
github.com/jbrinkman/valkey-ai-tasks/go/internal/mcp/server_mcp.go:316.17,318.4 1 0
github.com/jbrinkman/valkey-ai-tasks/go/internal/mcp/server_mcp.go:320.3,321.17 2 0
github.com/jbrinkman/valkey-ai-tasks/go/internal/mcp/server_mcp.go:321.17,323.4 1 0
github.com/jbrinkman/valkey-ai-tasks/go/internal/mcp/server_mcp.go:324.3,324.54 1 0
github.com/jbrinkman/valkey-ai-tasks/go/internal/mcp/server_mcp.go:328.45,337.109 2 0
github.com/jbrinkman/valkey-ai-tasks/go/internal/mcp/server_mcp.go:337.109,339.17 2 0
github.com/jbrinkman/valkey-ai-tasks/go/internal/mcp/server_mcp.go:339.17,341.4 1 0
github.com/jbrinkman/valkey-ai-tasks/go/internal/mcp/server_mcp.go:343.3,344.17 2 0
github.com/jbrinkman/valkey-ai-tasks/go/internal/mcp/server_mcp.go:344.17,346.4 1 0
github.com/jbrinkman/valkey-ai-tasks/go/internal/mcp/server_mcp.go:348.3,349.17 2 0
github.com/jbrinkman/valkey-ai-tasks/go/internal/mcp/server_mcp.go:349.17,351.4 1 0
github.com/jbrinkman/valkey-ai-tasks/go/internal/mcp/server_mcp.go:352.3,352.54 1 0
github.com/jbrinkman/valkey-ai-tasks/go/internal/mcp/server_mcp.go:356.56,365.109 2 0
github.com/jbrinkman/valkey-ai-tasks/go/internal/mcp/server_mcp.go:365.109,367.17 2 0
github.com/jbrinkman/valkey-ai-tasks/go/internal/mcp/server_mcp.go:367.17,369.4 1 0
github.com/jbrinkman/valkey-ai-tasks/go/internal/mcp/server_mcp.go:371.3,372.17 2 0
github.com/jbrinkman/valkey-ai-tasks/go/internal/mcp/server_mcp.go:372.17,374.4 1 0
github.com/jbrinkman/valkey-ai-tasks/go/internal/mcp/server_mcp.go:376.3,377.17 2 0
github.com/jbrinkman/valkey-ai-tasks/go/internal/mcp/server_mcp.go:377.17,379.4 1 0
github.com/jbrinkman/valkey-ai-tasks/go/internal/mcp/server_mcp.go:380.3,380.55 1 0
github.com/jbrinkman/valkey-ai-tasks/go/internal/mcp/server_mcp.go:384.55,394.109 2 0
github.com/jbrinkman/valkey-ai-tasks/go/internal/mcp/server_mcp.go:394.109,396.17 2 0
github.com/jbrinkman/valkey-ai-tasks/go/internal/mcp/server_mcp.go:396.17,398.4 1 0
github.com/jbrinkman/valkey-ai-tasks/go/internal/mcp/server_mcp.go:400.3,402.17 3 0
github.com/jbrinkman/valkey-ai-tasks/go/internal/mcp/server_mcp.go:402.17,404.4 1 0
github.com/jbrinkman/valkey-ai-tasks/go/internal/mcp/server_mcp.go:406.3,407.17 2 0
github.com/jbrinkman/valkey-ai-tasks/go/internal/mcp/server_mcp.go:407.17,409.4 1 0
github.com/jbrinkman/valkey-ai-tasks/go/internal/mcp/server_mcp.go:410.3,410.55 1 0
github.com/jbrinkman/valkey-ai-tasks/go/internal/mcp/server_mcp.go:414.48,437.109 2 0
github.com/jbrinkman/valkey-ai-tasks/go/internal/mcp/server_mcp.go:437.109,439.17 2 0
github.com/jbrinkman/valkey-ai-tasks/go/internal/mcp/server_mcp.go:439.17,441.4 1 0
github.com/jbrinkman/valkey-ai-tasks/go/internal/mcp/server_mcp.go:444.3,445.17 2 0
github.com/jbrinkman/valkey-ai-tasks/go/internal/mcp/server_mcp.go:445.17,447.4 1 0
github.com/jbrinkman/valkey-ai-tasks/go/internal/mcp/server_mcp.go:450.3,451.26 2 0
github.com/jbrinkman/valkey-ai-tasks/go/internal/mcp/server_mcp.go:451.26,453.4 1 0
github.com/jbrinkman/valkey-ai-tasks/go/internal/mcp/server_mcp.go:455.3,456.38 2 0
github.com/jbrinkman/valkey-ai-tasks/go/internal/mcp/server_mcp.go:456.38,458.4 1 0
github.com/jbrinkman/valkey-ai-tasks/go/internal/mcp/server_mcp.go:460.3,468.17 6 0
github.com/jbrinkman/valkey-ai-tasks/go/internal/mcp/server_mcp.go:468.17,470.4 1 0
github.com/jbrinkman/valkey-ai-tasks/go/internal/mcp/server_mcp.go:472.3,473.17 2 0
github.com/jbrinkman/valkey-ai-tasks/go/internal/mcp/server_mcp.go:473.17,475.4 1 0
github.com/jbrinkman/valkey-ai-tasks/go/internal/mcp/server_mcp.go:476.3,476.54 1 0
github.com/jbrinkman/valkey-ai-tasks/go/internal/mcp/server_mcp.go:480.48,489.109 2 0
github.com/jbrinkman/valkey-ai-tasks/go/internal/mcp/server_mcp.go:489.109,491.17 2 0
github.com/jbrinkman/valkey-ai-tasks/go/internal/mcp/server_mcp.go:491.17,493.4 1 0
github.com/jbrinkman/valkey-ai-tasks/go/internal/mcp/server_mcp.go:495.3,496.17 2 0
github.com/jbrinkman/valkey-ai-tasks/go/internal/mcp/server_mcp.go:496.17,498.4 1 0
github.com/jbrinkman/valkey-ai-tasks/go/internal/mcp/server_mcp.go:500.3,500.52 1 0
github.com/jbrinkman/valkey-ai-tasks/go/internal/mcp/server_mcp.go:504.53,517.109 2 0
github.com/jbrinkman/valkey-ai-tasks/go/internal/mcp/server_mcp.go:517.109,520.17 2 0
github.com/jbrinkman/valkey-ai-tasks/go/internal/mcp/server_mcp.go:520.17,522.4 1 0
github.com/jbrinkman/valkey-ai-tasks/go/internal/mcp/server_mcp.go:525.3,526.17 2 0
github.com/jbrinkman/valkey-ai-tasks/go/internal/mcp/server_mcp.go:526.17,528.4 1 0
github.com/jbrinkman/valkey-ai-tasks/go/internal/mcp/server_mcp.go:531.3,533.17 3 0
github.com/jbrinkman/valkey-ai-tasks/go/internal/mcp/server_mcp.go:533.17,535.4 1 0
github.com/jbrinkman/valkey-ai-tasks/go/internal/mcp/server_mcp.go:538.3,539.38 2 0
github.com/jbrinkman/valkey-ai-tasks/go/internal/mcp/server_mcp.go:539.38,542.11 2 0
github.com/jbrinkman/valkey-ai-tasks/go/internal/mcp/server_mcp.go:542.11,544.5 1 0
github.com/jbrinkman/valkey-ai-tasks/go/internal/mcp/server_mcp.go:546.4,547.26 2 0
github.com/jbrinkman/valkey-ai-tasks/go/internal/mcp/server_mcp.go:547.26,549.5 1 0
github.com/jbrinkman/valkey-ai-tasks/go/internal/mcp/server_mcp.go:552.4,553.49 2 0
github.com/jbrinkman/valkey-ai-tasks/go/internal/mcp/server_mcp.go:553.49,554.41 1 0
github.com/jbrinkman/valkey-ai-tasks/go/internal/mcp/server_mcp.go:554.41,556.6 1 0
github.com/jbrinkman/valkey-ai-tasks/go/internal/mcp/server_mcp.go:559.4,560.46 2 0
github.com/jbrinkman/valkey-ai-tasks/go/internal/mcp/server_mcp.go:560.46,561.45 1 0
github.com/jbrinkman/valkey-ai-tasks/go/internal/mcp/server_mcp.go:561.45,563.6 1 0
github.com/jbrinkman/valkey-ai-tasks/go/internal/mcp/server_mcp.go:566.4,567.50 2 0
github.com/jbrinkman/valkey-ai-tasks/go/internal/mcp/server_mcp.go:567.50,568.49 1 0
github.com/jbrinkman/valkey-ai-tasks/go/internal/mcp/server_mcp.go:568.49,570.6 1 0
github.com/jbrinkman/valkey-ai-tasks/go/internal/mcp/server_mcp.go:574.4,574.23 1 0
github.com/jbrinkman/valkey-ai-tasks/go/internal/mcp/server_mcp.go:574.23,576.84 2 0
github.com/jbrinkman/valkey-ai-tasks/go/internal/mcp/server_mcp.go:576.84,577.24 1 0
github.com/jbrinkman/valkey-ai-tasks/go/internal/mcp/server_mcp.go:577.24,579.12 2 0
github.com/jbrinkman/valkey-ai-tasks/go/internal/mcp/server_mcp.go:582.5,582.21 1 0
github.com/jbrinkman/valkey-ai-tasks/go/internal/mcp/server_mcp.go:582.21,584.6 1 0
github.com/jbrinkman/valkey-ai-tasks/go/internal/mcp/server_mcp.go:588.4,588.25 1 0
github.com/jbrinkman/valkey-ai-tasks/go/internal/mcp/server_mcp.go:588.25,590.57 2 0
github.com/jbrinkman/valkey-ai-tasks/go/internal/mcp/server_mcp.go:590.57,591.26 1 0
github.com/jbrinkman/valkey-ai-tasks/go/internal/mcp/server_mcp.go:591.26,593.12 2 0
github.com/jbrinkman/valkey-ai-tasks/go/internal/mcp/server_mcp.go:596.5,596.23 1 0
github.com/jbrinkman/valkey-ai-tasks/go/internal/mcp/server_mcp.go:596.23,598.6 1 0
github.com/jbrinkman/valkey-ai-tasks/go/internal/mcp/server_mcp.go:602.4,609.46 2 0
github.com/jbrinkman/valkey-ai-tasks/go/internal/mcp/server_mcp.go:613.3,614.17 2 0
github.com/jbrinkman/valkey-ai-tasks/go/internal/mcp/server_mcp.go:614.17,616.4 1 0
github.com/jbrinkman/valkey-ai-tasks/go/internal/mcp/server_mcp.go:619.3,620.17 2 0
github.com/jbrinkman/valkey-ai-tasks/go/internal/mcp/server_mcp.go:620.17,622.4 1 0
github.com/jbrinkman/valkey-ai-tasks/go/internal/mcp/server_mcp.go:623.3,623.55 1 0
github.com/jbrinkman/valkey-ai-tasks/go/internal/mcp/server_mcp.go:627.49,640.109 2 0
github.com/jbrinkman/valkey-ai-tasks/go/internal/mcp/server_mcp.go:640.109,642.17 2 0
github.com/jbrinkman/valkey-ai-tasks/go/internal/mcp/server_mcp.go:642.17,644.4 1 0
github.com/jbrinkman/valkey-ai-tasks/go/internal/mcp/server_mcp.go:646.3,647.17 2 0
github.com/jbrinkman/valkey-ai-tasks/go/internal/mcp/server_mcp.go:647.17,649.4 1 0
github.com/jbrinkman/valkey-ai-tasks/go/internal/mcp/server_mcp.go:650.3,653.17 3 0
github.com/jbrinkman/valkey-ai-tasks/go/internal/mcp/server_mcp.go:653.17,655.4 1 0
github.com/jbrinkman/valkey-ai-tasks/go/internal/mcp/server_mcp.go:658.3,659.17 2 0
github.com/jbrinkman/valkey-ai-tasks/go/internal/mcp/server_mcp.go:659.17,661.4 1 0
github.com/jbrinkman/valkey-ai-tasks/go/internal/mcp/server_mcp.go:663.3,664.17 2 0
github.com/jbrinkman/valkey-ai-tasks/go/internal/mcp/server_mcp.go:664.17,666.4 1 0
github.com/jbrinkman/valkey-ai-tasks/go/internal/mcp/server_mcp.go:667.3,667.54 1 0
github.com/jbrinkman/valkey-ai-tasks/go/tests/utils/test_data.go:18.67,19.16 1 1
github.com/jbrinkman/valkey-ai-tasks/go/tests/utils/test_data.go:19.16,21.3 1 0
github.com/jbrinkman/valkey-ai-tasks/go/tests/utils/test_data.go:23.2,23.23 1 1
github.com/jbrinkman/valkey-ai-tasks/go/tests/utils/test_data.go:23.23,25.3 1 1
github.com/jbrinkman/valkey-ai-tasks/go/tests/utils/test_data.go:27.2,34.3 1 1
github.com/jbrinkman/valkey-ai-tasks/go/tests/utils/test_data.go:38.80,39.21 1 1
github.com/jbrinkman/valkey-ai-tasks/go/tests/utils/test_data.go:39.21,41.3 1 0
github.com/jbrinkman/valkey-ai-tasks/go/tests/utils/test_data.go:43.2,43.17 1 1
github.com/jbrinkman/valkey-ai-tasks/go/tests/utils/test_data.go:43.17,45.3 1 0
github.com/jbrinkman/valkey-ai-tasks/go/tests/utils/test_data.go:47.2,47.23 1 1
github.com/jbrinkman/valkey-ai-tasks/go/tests/utils/test_data.go:47.23,49.3 1 1
github.com/jbrinkman/valkey-ai-tasks/go/tests/utils/test_data.go:51.2,61.3 1 1
github.com/jbrinkman/valkey-ai-tasks/go/tests/utils/test_data.go:65.87,72.2 4 1
github.com/jbrinkman/valkey-ai-tasks/go/tests/utils/test_data.go:76.146,84.36 5 1
github.com/jbrinkman/valkey-ai-tasks/go/tests/utils/test_data.go:84.36,105.40 12 1
github.com/jbrinkman/valkey-ai-tasks/go/tests/utils/test_data.go:105.40,136.4 17 1
github.com/jbrinkman/valkey-ai-tasks/go/tests/utils/test_data.go:139.2,139.28 1 1
github.com/jbrinkman/valkey-ai-tasks/go/tests/utils/test_data.go:143.44,145.16 2 0
github.com/jbrinkman/valkey-ai-tasks/go/tests/utils/test_data.go:145.16,147.3 1 0
github.com/jbrinkman/valkey-ai-tasks/go/tests/utils/test_data.go:148.2,148.26 1 0
github.com/jbrinkman/valkey-ai-tasks/go/tests/utils/test_helpers.go:15.70,18.2 2 1
github.com/jbrinkman/valkey-ai-tasks/go/tests/utils/test_helpers.go:22.55,25.2 2 1
github.com/jbrinkman/valkey-ai-tasks/go/tests/utils/test_helpers.go:29.89,34.2 4 1
github.com/jbrinkman/valkey-ai-tasks/go/tests/utils/test_helpers.go:37.59,40.2 2 1
github.com/jbrinkman/valkey-ai-tasks/go/tests/utils/test_helpers.go:44.46,46.21 2 0
github.com/jbrinkman/valkey-ai-tasks/go/tests/utils/test_helpers.go:46.21,48.3 1 0
github.com/jbrinkman/valkey-ai-tasks/go/tests/utils/test_helpers.go:49.2,49.14 1 0
github.com/jbrinkman/valkey-ai-tasks/go/tests/utils/test_helpers.go:53.29,55.16 2 0
github.com/jbrinkman/valkey-ai-tasks/go/tests/utils/test_helpers.go:55.16,57.3 1 0
github.com/jbrinkman/valkey-ai-tasks/go/tests/utils/test_helpers.go:58.2,58.12 1 0
github.com/jbrinkman/valkey-ai-tasks/go/tests/utils/valkey_container.go:37.88,82.2 19 1
github.com/jbrinkman/valkey-ai-tasks/go/tests/utils/valkey_container.go:85.89,88.52 2 1
github.com/jbrinkman/valkey-ai-tasks/go/tests/utils/valkey_container.go:88.52,90.3 1 0
github.com/jbrinkman/valkey-ai-tasks/go/tests/utils/valkey_container.go:92.2,95.29 2 1
github.com/jbrinkman/valkey-ai-tasks/go/tests/utils/valkey_container.go:95.29,98.3 1 1
github.com/jbrinkman/valkey-ai-tasks/go/tests/utils/valkey_container.go:101.2,102.58 2 1
github.com/jbrinkman/valkey-ai-tasks/go/tests/utils/valkey_container.go:107.80,118.20 5 1
github.com/jbrinkman/valkey-ai-tasks/go/tests/utils/valkey_container.go:118.20,121.3 2 1
github.com/jbrinkman/valkey-ai-tasks/go/tests/utils/valkey_container.go:123.2,123.32 1 1
